<?xml version="1.0" encoding="UTF-8"?>
<!-- Generated by org.testng.reporters.JUnitReportReporter -->
<testsuite hostname="prasads-MacBook-Air.local" failures="0" tests="2" name="qaclickacademy.AppiumTest" time="0.008" errors="0" timestamp="2022-07-13T15:04:57 BST" skipped="0">
  <testcase classname="qaclickacademy.AppiumTest" name="IOSApps" time="0.007"/>
  <system-out/>
  <testcase classname="qaclickacademy.AppiumTest" name="NativeAPpAndroid" time="0.001"/>
  <system-out/>
</testsuite> <!-- qaclickacademy.AppiumTest -->
