<?xml version="1.0" encoding="UTF-8"?>
<!-- Generated by org.testng.reporters.JUnitReportReporter -->
<testsuite hostname="prasads-MacBook-Air.local" failures="0" tests="2" name="qaclickacademy.RESTAPITest" time="0.009" errors="0" timestamp="2022-07-13T15:04:47 BST" skipped="0">
  <testcase classname="qaclickacademy.RESTAPITest" name="deleteTwitter" time="0.007"/>
  <system-out/>
  <testcase classname="qaclickacademy.RESTAPITest" name="postJira" time="0.002"/>
  <system-out/>
</testsuite> <!-- qaclickacademy.RESTAPITest -->
