<?xml version="1.0" encoding="UTF-8"?>
<!-- Generated by org.testng.reporters.JUnitReportReporter -->
<testsuite hostname="prasads-MacBook-Air.local" failures="0" tests="2" name="qaclickacademy.SeleniumTest" time="0.000" errors="0" timestamp="13 Jul 2022 14:14:09 GMT" skipped="0">
  <testcase classname="qaclickacademy.SeleniumTest" name="elementsUi" time="0.000"/>
  <testcase classname="qaclickacademy.SeleniumTest" name="BrowserAUtomation" time="0.000"/>
</testsuite> <!-- qaclickacademy.SeleniumTest -->
